<?xml version="1.0" encoding="UTF-8"?>
<testng-results skipped="0" failed="0" ignored="0" total="1" passed="1">
  <reporter-output>
  </reporter-output>
  <suite name="Suite" duration-ms="1064" started-at="2017-12-15T01:57:35Z" finished-at="2017-12-15T01:57:36Z">
    <groups>
      <group name="cucumber">
        <method signature="AbstractTestNGCucumberTests.feature(cucumber.api.testng.CucumberFeatureWrapper)[pri:0, instance:com.CucumberLogin.framework.runner.FacebookLoginFeatureRunner@91161c7]" name="feature" class="cucumber.api.testng.AbstractTestNGCucumberTests"/>
      </group> <!-- cucumber -->
    </groups>
    <test name="Test - 1" duration-ms="1064" started-at="2017-12-15T01:57:35Z" finished-at="2017-12-15T01:57:36Z">
      <class name="com.CucumberLogin.framework.runner.FacebookLoginFeatureRunner">
        <test-method status="PASS" signature="setUpClass()[pri:0, instance:com.CucumberLogin.framework.runner.FacebookLoginFeatureRunner@91161c7]" name="setUpClass" is-config="true" duration-ms="620" started-at="2017-12-14T20:57:35Z" finished-at="2017-12-14T20:57:35Z">
          <reporter-output>
          </reporter-output>
        </test-method> <!-- setUpClass -->
        <test-method status="PASS" signature="feature(cucumber.api.testng.CucumberFeatureWrapper)[pri:0, instance:com.CucumberLogin.framework.runner.FacebookLoginFeatureRunner@91161c7]" name="feature" duration-ms="63" started-at="2017-12-14T20:57:36Z" description="Runs Cucumber Feature" data-provider="features" finished-at="2017-12-14T20:57:36Z">
          <params>
            <param index="0">
              <value>
                <![CDATA[Login to Facebook]]>
              </value>
            </param>
          </params>
          <reporter-output>
          </reporter-output>
        </test-method> <!-- feature -->
        <test-method status="PASS" signature="tearDownClass()[pri:0, instance:com.CucumberLogin.framework.runner.FacebookLoginFeatureRunner@91161c7]" name="tearDownClass" is-config="true" duration-ms="77" started-at="2017-12-14T20:57:36Z" finished-at="2017-12-14T20:57:36Z">
          <reporter-output>
          </reporter-output>
        </test-method> <!-- tearDownClass -->
      </class> <!-- com.CucumberLogin.framework.runner.FacebookLoginFeatureRunner -->
    </test> <!-- Test - 1 -->
  </suite> <!-- Suite -->
</testng-results>
